<?xml version="1.0" encoding="UTF-8"?>
<coverage generated="1682004085727" clover="3.2.0">
  <project timestamp="1682004085727" name="All files">
    <metrics statements="23" coveredstatements="19" conditionals="4" coveredconditionals="4" methods="4" coveredmethods="2" elements="31" coveredelements="25" complexity="0" loc="23" ncloc="23" packages="1" files="1" classes="1"/>
    <file name="userUtils.ts" path="/Users/tttech/Desktop/new-work/courses-api/src/utils/userUtils.ts">
      <metrics statements="23" coveredstatements="19" conditionals="4" coveredconditionals="4" methods="4" coveredmethods="2"/>
      <line num="1" count="1" type="cond" truecount="1" falsecount="0"/>
      <line num="2" count="3" type="stmt"/>
      <line num="3" count="3" type="stmt"/>
      <line num="4" count="3" type="stmt"/>
      <line num="5" count="3" type="cond" truecount="1" falsecount="0"/>
      <line num="6" count="1" type="stmt"/>
      <line num="7" count="3" type="cond" truecount="1" falsecount="0"/>
      <line num="8" count="2" type="stmt"/>
      <line num="9" count="2" type="stmt"/>
      <line num="10" count="3" type="stmt"/>
      <line num="11" count="3" type="stmt"/>
      <line num="12" count="1" type="stmt"/>
      <line num="13" count="1" type="cond" truecount="1" falsecount="0"/>
      <line num="14" count="6" type="stmt"/>
      <line num="15" count="6" type="stmt"/>
      <line num="16" count="1" type="stmt"/>
      <line num="17" count="1" type="stmt"/>
      <line num="18" count="0" type="stmt"/>
      <line num="19" count="0" type="stmt"/>
      <line num="20" count="1" type="stmt"/>
      <line num="21" count="1" type="stmt"/>
      <line num="22" count="0" type="stmt"/>
      <line num="23" count="0" type="stmt"/>
    </file>
  </project>
</coverage>
